<?xml version="1.0" encoding="UTF-8"?>
<!-- Generated by org.testng.reporters.JUnitReportReporter -->
<testsuite hostname="Husky" failures="0" tests="33" name="userModuleTestCases.Create_Delete_Users_DataDrivenTest" time="16.626" errors="0" timestamp="17 Oct. 2024 22:45:10 GMT" skipped="0">
  <testcase classname="userModuleTestCases.Create_Delete_Users_DataDrivenTest" name="createUserdata" time="2.728"/>
  <testcase classname="userModuleTestCases.Create_Delete_Users_DataDrivenTest" name="createUserdata" time="0.444"/>
  <testcase classname="userModuleTestCases.Create_Delete_Users_DataDrivenTest" name="createUserdata" time="0.442"/>
  <testcase classname="userModuleTestCases.Create_Delete_Users_DataDrivenTest" name="createUserdata" time="0.449"/>
  <testcase classname="userModuleTestCases.Create_Delete_Users_DataDrivenTest" name="createUserdata" time="0.486"/>
  <testcase classname="userModuleTestCases.Create_Delete_Users_DataDrivenTest" name="createUserdata" time="0.414"/>
  <testcase classname="userModuleTestCases.Create_Delete_Users_DataDrivenTest" name="createUserdata" time="0.428"/>
  <testcase classname="userModuleTestCases.Create_Delete_Users_DataDrivenTest" name="createUserdata" time="0.405"/>
  <testcase classname="userModuleTestCases.Create_Delete_Users_DataDrivenTest" name="createUserdata" time="0.467"/>
  <testcase classname="userModuleTestCases.Create_Delete_Users_DataDrivenTest" name="createUserdata" time="0.433"/>
  <testcase classname="userModuleTestCases.Create_Delete_Users_DataDrivenTest" name="createUserdata" time="0.410"/>
  <testcase classname="userModuleTestCases.Create_Delete_Users_DataDrivenTest" name="getUserNames" time="0.476"/>
  <testcase classname="userModuleTestCases.Create_Delete_Users_DataDrivenTest" name="getUserNames" time="0.457"/>
  <testcase classname="userModuleTestCases.Create_Delete_Users_DataDrivenTest" name="getUserNames" time="0.450"/>
  <testcase classname="userModuleTestCases.Create_Delete_Users_DataDrivenTest" name="getUserNames" time="0.454"/>
  <testcase classname="userModuleTestCases.Create_Delete_Users_DataDrivenTest" name="getUserNames" time="0.428"/>
  <testcase classname="userModuleTestCases.Create_Delete_Users_DataDrivenTest" name="getUserNames" time="0.430"/>
  <testcase classname="userModuleTestCases.Create_Delete_Users_DataDrivenTest" name="getUserNames" time="0.412"/>
  <testcase classname="userModuleTestCases.Create_Delete_Users_DataDrivenTest" name="getUserNames" time="0.454"/>
  <testcase classname="userModuleTestCases.Create_Delete_Users_DataDrivenTest" name="getUserNames" time="0.419"/>
  <testcase classname="userModuleTestCases.Create_Delete_Users_DataDrivenTest" name="getUserNames" time="0.466"/>
  <testcase classname="userModuleTestCases.Create_Delete_Users_DataDrivenTest" name="getUserNames" time="0.447"/>
  <testcase classname="userModuleTestCases.Create_Delete_Users_DataDrivenTest" name="deleteUsers" time="0.405"/>
  <testcase classname="userModuleTestCases.Create_Delete_Users_DataDrivenTest" name="deleteUsers" time="0.431"/>
  <testcase classname="userModuleTestCases.Create_Delete_Users_DataDrivenTest" name="deleteUsers" time="0.404"/>
  <testcase classname="userModuleTestCases.Create_Delete_Users_DataDrivenTest" name="deleteUsers" time="0.447"/>
  <testcase classname="userModuleTestCases.Create_Delete_Users_DataDrivenTest" name="deleteUsers" time="0.410"/>
  <testcase classname="userModuleTestCases.Create_Delete_Users_DataDrivenTest" name="deleteUsers" time="0.433"/>
  <testcase classname="userModuleTestCases.Create_Delete_Users_DataDrivenTest" name="deleteUsers" time="0.409"/>
  <testcase classname="userModuleTestCases.Create_Delete_Users_DataDrivenTest" name="deleteUsers" time="0.442"/>
  <testcase classname="userModuleTestCases.Create_Delete_Users_DataDrivenTest" name="deleteUsers" time="0.428"/>
  <testcase classname="userModuleTestCases.Create_Delete_Users_DataDrivenTest" name="deleteUsers" time="0.427"/>
  <testcase classname="userModuleTestCases.Create_Delete_Users_DataDrivenTest" name="deleteUsers" time="0.391"/>
</testsuite> <!-- userModuleTestCases.Create_Delete_Users_DataDrivenTest -->
